2022-06-24 16:22:17.697  INFO 12944 --- [restartedMain] c.busraciftlik.HomeworkLoginApplication  : Starting HomeworkLoginApplication using Java 17.0.3.1 on DESKTOP-O9PNMPP with PID 12944 (C:\Users\Büşra\IdeaProjects\HomeworkLogin\target\classes started by Büşra in C:\Users\Büşra\IdeaProjects\HomeworkLogin)
2022-06-24 16:22:17.705  INFO 12944 --- [restartedMain] c.busraciftlik.HomeworkLoginApplication  : No active profile set, falling back to 1 default profile: "default"
2022-06-24 16:22:17.796  INFO 12944 --- [restartedMain] .e.DevToolsPropertyDefaultsPostProcessor : Devtools property defaults active! Set 'spring.devtools.add-properties' to 'false' to disable
2022-06-24 16:22:17.796  INFO 12944 --- [restartedMain] .e.DevToolsPropertyDefaultsPostProcessor : For additional web related logging consider setting the 'logging.level.web' property to 'DEBUG'
2022-06-24 16:22:19.700  INFO 12944 --- [restartedMain] .s.d.r.c.RepositoryConfigurationDelegate : Bootstrapping Spring Data JPA repositories in DEFAULT mode.
2022-06-24 16:22:19.718  INFO 12944 --- [restartedMain] .s.d.r.c.RepositoryConfigurationDelegate : Finished Spring Data repository scanning in 7 ms. Found 0 JPA repository interfaces.
2022-06-24 16:22:20.569  INFO 12944 --- [restartedMain] o.s.b.w.embedded.tomcat.TomcatWebServer  : Tomcat initialized with port(s): 8080 (http)
2022-06-24 16:22:20.582  INFO 12944 --- [restartedMain] o.apache.catalina.core.StandardService   : Starting service [Tomcat]
2022-06-24 16:22:20.582  INFO 12944 --- [restartedMain] org.apache.catalina.core.StandardEngine  : Starting Servlet engine: [Apache Tomcat/9.0.63]
2022-06-24 16:22:20.719  INFO 12944 --- [restartedMain] o.a.c.c.C.[Tomcat].[localhost].[/]       : Initializing Spring embedded WebApplicationContext
2022-06-24 16:22:20.719  INFO 12944 --- [restartedMain] w.s.c.ServletWebServerApplicationContext : Root WebApplicationContext: initialization completed in 2920 ms
2022-06-24 16:22:20.891  INFO 12944 --- [restartedMain] com.zaxxer.hikari.HikariDataSource       : HikariPool-1 - Starting...
2022-06-24 16:22:21.064  INFO 12944 --- [restartedMain] com.zaxxer.hikari.HikariDataSource       : HikariPool-1 - Start completed.
2022-06-24 16:22:21.075  INFO 12944 --- [restartedMain] o.s.b.a.h2.H2ConsoleAutoConfiguration    : H2 console available at '/h2-console'. Database available at 'jdbc:h2:file:./memory_persist/denemedb'
2022-06-24 16:22:21.310  INFO 12944 --- [restartedMain] o.hibernate.jpa.internal.util.LogHelper  : HHH000204: Processing PersistenceUnitInfo [name: default]
2022-06-24 16:22:21.389  INFO 12944 --- [restartedMain] org.hibernate.Version                    : HHH000412: Hibernate ORM core version 5.6.9.Final
2022-06-24 16:22:21.636  INFO 12944 --- [restartedMain] o.hibernate.annotations.common.Version   : HCANN000001: Hibernate Commons Annotations {5.1.2.Final}
2022-06-24 16:22:21.794  INFO 12944 --- [restartedMain] org.hibernate.dialect.Dialect            : HHH000400: Using dialect: org.hibernate.dialect.H2Dialect
2022-06-24 16:22:22.133  INFO 12944 --- [restartedMain] o.h.e.t.j.p.i.JtaPlatformInitiator       : HHH000490: Using JtaPlatform implementation: [org.hibernate.engine.transaction.jta.platform.internal.NoJtaPlatform]
2022-06-24 16:22:22.146  INFO 12944 --- [restartedMain] j.LocalContainerEntityManagerFactoryBean : Initialized JPA EntityManagerFactory for persistence unit 'default'
2022-06-24 16:22:22.347  WARN 12944 --- [restartedMain] JpaBaseConfiguration$JpaWebConfiguration : spring.jpa.open-in-view is enabled by default. Therefore, database queries may be performed during view rendering. Explicitly configure spring.jpa.open-in-view to disable this warning
2022-06-24 16:22:24.109  INFO 12944 --- [restartedMain] o.s.b.d.a.OptionalLiveReloadServer       : LiveReload server is running on port 35729
2022-06-24 16:22:24.117  INFO 12944 --- [restartedMain] o.s.b.a.e.web.EndpointLinksResolver      : Exposing 15 endpoint(s) beneath base path '/actuator '
2022-06-24 16:22:24.237  INFO 12944 --- [restartedMain] o.s.b.w.embedded.tomcat.TomcatWebServer  : Tomcat started on port(s): 8080 (http) with context path ''
2022-06-24 16:22:24.262  INFO 12944 --- [restartedMain] c.busraciftlik.HomeworkLoginApplication  : Started HomeworkLoginApplication in 7.356 seconds (JVM running for 9.217)
2022-06-24 16:22:24.807  INFO 12944 --- [RMI TCP Connection(3)-192.168.1.107] o.a.c.c.C.[Tomcat].[localhost].[/]       : Initializing Spring DispatcherServlet 'dispatcherServlet'
2022-06-24 16:22:24.808  INFO 12944 --- [RMI TCP Connection(3)-192.168.1.107] o.s.web.servlet.DispatcherServlet        : Initializing Servlet 'dispatcherServlet'
2022-06-24 16:22:24.812  INFO 12944 --- [RMI TCP Connection(3)-192.168.1.107] o.s.web.servlet.DispatcherServlet        : Completed initialization in 3 ms
2022-06-24 16:22:56.127 ERROR 12944 --- [http-nio-8080-exec-3] c.b.controller.LoginController           :  Giriş sırasında hata oluştu.
2022-06-24 16:32:06.255 ERROR 12944 --- [http-nio-8080-exec-6] c.b.controller.LoginController           :  Giriş sırasında hata oluştu.
2022-06-24 16:41:49.744 ERROR 12944 --- [http-nio-8080-exec-9] c.b.controller.LoginController           :  Giriş sırasında hata oluştu.
2022-06-24 16:41:54.392 ERROR 12944 --- [http-nio-8080-exec-10] c.b.controller.LoginController           :  Giriş sırasında hata oluştu.
2022-06-24 16:46:15.141  INFO 12944 --- [SpringApplicationShutdownHook] j.LocalContainerEntityManagerFactoryBean : Closing JPA EntityManagerFactory for persistence unit 'default'
2022-06-24 16:46:15.157  INFO 12944 --- [SpringApplicationShutdownHook] com.zaxxer.hikari.HikariDataSource       : HikariPool-1 - Shutdown initiated...
2022-06-24 16:46:15.166  INFO 12944 --- [SpringApplicationShutdownHook] com.zaxxer.hikari.HikariDataSource       : HikariPool-1 - Shutdown completed.
